
=== Sat Feb  1 12:50:37 2025

Packages were changed.
Update Mode: mergeDefaultDependencies

The following packages were updated:
  com.unity.render-pipelines.universal from version 14.0.7 to 14.0.11
  com.unity.visualscripting from version 1.9.2 to 1.9.4
  com.unity.xr.arcore from version 5.1.4 to 5.1.5
  com.unity.xr.arfoundation from version 5.1.4 to 5.1.5
  com.unity.xr.arkit from version 5.1.4 to 5.1.5

=== Wed Jun 18 21:40:08 2025

Packages were changed.
Update Mode: updateDependencies

The following packages were added:
  com.unity.modules.accessibility@1.0.0
  com.unity.multiplayer.center@1.0.0
The following packages were updated:
  com.unity.ai.navigation from version 1.1.5 to 2.0.8
  com.unity.collab-proxy from version 2.6.0 to 2.8.2
  com.unity.ide.visualstudio from version 2.0.22 to 2.0.23
  com.unity.inputsystem from version 1.8.2 to 1.14.0
  com.unity.learn.iet-framework from version 3.1.3 to 4.0.4
  com.unity.render-pipelines.universal from version 14.0.11 to 17.0.4
  com.unity.test-framework from version 1.1.33 to 1.5.1
  com.unity.timeline from version 1.7.6 to 1.8.7
  com.unity.ugui from version 1.0.0 to 2.0.0
  com.unity.visualscripting from version 1.9.4 to 1.9.7
  com.unity.xr.arcore from version 5.1.5 to 6.0.5
  com.unity.xr.arfoundation from version 5.1.5 to 6.0.5
  com.unity.xr.arkit from version 5.1.5 to 6.0.5
  com.unity.xr.interaction.toolkit from version 3.0.4 to 3.0.8
  com.unity.xr.management from version 4.4.1 to 4.5.1
The following packages were removed:
  com.unity.textmeshpro@3.0.6
